<?xml version="1.0"?>
<!DOCTYPE coverage SYSTEM "http://cobertura.sourceforge.net/xml/coverage-04.dtd">

<coverage line-rate="0.5" branch-rate="1.0" lines-covered="2" lines-valid="4" branches-covered="0" branches-valid="0" complexity="1.0" version="1.9.4.1" timestamp="1389169321892">
	<sources>
		<source>--source</source>
		<source>D:/WorkSpace/maventest/src/main/java</source>
	</sources>
	<packages>
		<package name="maventest" line-rate="0.5" branch-rate="1.0" complexity="1.0">
			<classes>
				<class name="maventest.App" filename="maventest/App.java" line-rate="0.5" branch-rate="1.0" complexity="1.0">
					<methods>
						<method name="&lt;init&gt;" signature="()V" line-rate="1.0" branch-rate="1.0">
							<lines>
								<line number="7" hits="1" branch="false"/>
							</lines>
						</method>
						<method name="main" signature="([Ljava/lang/String;)V" line-rate="0.0" branch-rate="1.0">
							<lines>
								<line number="16" hits="0" branch="false"/>
								<line number="17" hits="0" branch="false"/>
							</lines>
						</method>
						<method name="sayHello" signature="()Ljava/lang/String;" line-rate="1.0" branch-rate="1.0">
							<lines>
								<line number="10" hits="1" branch="false"/>
							</lines>
						</method>
					</methods>
					<lines>
						<line number="7" hits="1" branch="false"/>
						<line number="10" hits="1" branch="false"/>
						<line number="16" hits="0" branch="false"/>
						<line number="17" hits="0" branch="false"/>
					</lines>
				</class>
			</classes>
		</package>
	</packages>
</coverage>
